<?xml version="1.0" encoding="UTF-8"?>
<!-- Generated by org.testng.reporters.JUnitReportReporter -->
<testsuite hostname="DESKTOP-392F8VM" failures="0" tests="8" name="tests.TestingKeywordEnabled" time="0.114" errors="0" timestamp="2024-04-25T16:03:48 IST" skipped="2">
  <testcase classname="tests.TestingKeywordEnabled" name="test2" time="0.025"/>
  <system-out/>
  <testcase classname="tests.TestingKeywordEnabled" name="test2" time="0.023"/>
  <system-out/>
  <testcase classname="tests.TestingKeywordEnabled" name="test3" time="0.013"/>
  <system-out/>
  <testcase classname="tests.TestingKeywordEnabled" name="test3" time="0.032"/>
  <system-out/>
  <testcase classname="tests.TestingKeywordEnabled" name="test4" time="0.010"/>
  <system-out/>
  <testcase classname="tests.TestingKeywordEnabled" name="test4" time="0.011"/>
  <system-out/>
  <testcase classname="tests.TestingKeywordEnabled" name="test1">
    <skipped/>
  </testcase> <!-- test1 -->
  <system-out/>
  <testcase classname="tests.TestingKeywordEnabled" name="test1">
    <skipped/>
  </testcase> <!-- test1 -->
  <system-out/>
</testsuite> <!-- tests.TestingKeywordEnabled -->
