<?xml version="1.0" encoding="UTF-8"?>
<!-- Generated by org.testng.reporters.JUnitReportReporter -->
<testsuite hostname="DESKTOP-392F8VM" failures="0" tests="1" name="pack.CheckingOfTestNG" time="0.075" errors="0" timestamp="2024-04-16T00:12:17 IST" skipped="0">
  <testcase classname="pack.CheckingOfTestNG" name="test" time="0.075"/>
  <system-out/>
</testsuite> <!-- pack.CheckingOfTestNG -->
